<?xml version="1.0" encoding="UTF-8"?>
<!-- Generated by org.testng.reporters.JUnitReportReporter -->
<testsuite hostname="M5-D-76KCNK2" name="POM.VerifyLogin_PgFactory" tests="1" failures="0" timestamp="13 May 2019 07:06:26 GMT" time="29.470" errors="0">
  <testcase name="f" time="29.470" classname="POM.VerifyLogin_PgFactory"/>
</testsuite> <!-- POM.VerifyLogin_PgFactory -->
