<?xml version="1.0" encoding="UTF-8"?>
<!-- Generated by org.testng.reporters.JUnitReportReporter -->
<testsuite hostname="M5-D-76KCNK2" name="excelpoi.DemoLoginReadExcelToSiteWriteExcelFromSite" tests="1" failures="0" timestamp="9 May 2019 10:11:49 GMT" time="10.996" errors="0">
  <testcase name="f" time="10.996" classname="excelpoi.DemoLoginReadExcelToSiteWriteExcelFromSite"/>
</testsuite> <!-- excelpoi.DemoLoginReadExcelToSiteWriteExcelFromSite -->
