<?xml version="1.0" encoding="UTF-8"?>
<!-- Generated by org.testng.reporters.JUnitReportReporter -->
<testsuite hostname="M5-D-76KCNK2" name="POM.VerifyLogin_PgFactory" tests="1" failures="0" timestamp="13 May 2019 12:18:53 GMT" time="12.879" errors="0">
  <testcase name="f" time="12.879" classname="POM.VerifyLogin_PgFactory"/>
</testsuite> <!-- POM.VerifyLogin_PgFactory -->
