<?xml version="1.0" encoding="UTF-8"?>
<!-- Generated by org.testng.reporters.JUnitReportReporter -->
<testsuite hostname="M5-D-76KCNK2" name="excelpoi.DemoLoginReadExcelPassToSite" tests="1" failures="0" timestamp="9 May 2019 08:20:58 GMT" time="11.149" errors="0">
  <testcase name="f" time="11.149" classname="excelpoi.DemoLoginReadExcelPassToSite"/>
</testsuite> <!-- excelpoi.DemoLoginReadExcelPassToSite -->
