<?xml version="1.0" encoding="UTF-8"?>
<!-- Generated by org.testng.reporters.JUnitReportReporter -->
<testsuite hostname="M5-D-76KCNK2" name="excelpoi.DemoLogin" tests="1" failures="0" timestamp="9 May 2019 07:52:22 GMT" time="7.510" errors="0">
  <testcase name="f" time="7.510" classname="excelpoi.DemoLogin"/>
</testsuite> <!-- excelpoi.DemoLogin -->
