<?xml version="1.0" encoding="UTF-8"?>
<!-- Generated by org.testng.reporters.JUnitReportReporter -->
<testsuite hostname="M5-D-76KCNK2" name="excelpoi.LoginReadWriteExcelFromSiteLOOP" tests="1" failures="0" timestamp="9 May 2019 10:40:05 GMT" time="28.364" errors="0">
  <testcase name="f" time="28.364" classname="excelpoi.LoginReadWriteExcelFromSiteLOOP"/>
</testsuite> <!-- excelpoi.LoginReadWriteExcelFromSiteLOOP -->
